<?xml version="1.0" encoding="UTF-8"?>
<!-- Generated by org.testng.reporters.JUnitReportReporter -->
<testsuite hostname="DNV" name="com.actitime.demoTest.ReporterTest" tests="4" failures="0" timestamp="7 Sep 2019 14:26:55 GMT" time="0.015" errors="0">
  <testcase name="deleteCustomerTest" time="0.001" classname="com.actitime.demoTest.ReporterTest"/>
  <testcase name="createReportTest" time="0.001" classname="com.actitime.demoTest.ReporterTest"/>
  <testcase name="modifyCustomerTest" time="0.001" classname="com.actitime.demoTest.ReporterTest"/>
  <testcase name="clearCustomerTest" time="0.012" classname="com.actitime.demoTest.ReporterTest"/>
</testsuite> <!-- com.actitime.demoTest.ReporterTest -->
