<?xml version="1.0" encoding="UTF-8"?>
<!-- Generated by org.testng.reporters.JUnitReportReporter -->
<testsuite hostname="DNV" name="com.actitime.demoTest.AlphabeticalOrderTest" tests="3" failures="0" timestamp="3 Sep 2019 17:21:25 GMT" time="0.024" errors="0">
  <testcase name="demoCreateTest" time="0.021" classname="com.actitime.demoTest.AlphabeticalOrderTest"/>
  <testcase name="demoDeleteTest" time="0.002" classname="com.actitime.demoTest.AlphabeticalOrderTest"/>
  <testcase name="demoModifyTest" time="0.001" classname="com.actitime.demoTest.AlphabeticalOrderTest"/>
</testsuite> <!-- com.actitime.demoTest.AlphabeticalOrderTest -->
