<?xml version="1.0" encoding="UTF-8"?>
<!-- Generated by org.testng.reporters.JUnitReportReporter -->
<testsuite hostname="DNV" name="com.actitime.demoTest.PriorityTest" tests="3" failures="0" timestamp="3 Sep 2019 17:19:20 GMT" time="0.015" errors="0">
  <testcase name="demoCreateTest" time="0.013" classname="com.actitime.demoTest.PriorityTest"/>
  <testcase name="demoModifyTest" time="0.001" classname="com.actitime.demoTest.PriorityTest"/>
  <testcase name="demoDeleteTest" time="0.001" classname="com.actitime.demoTest.PriorityTest"/>
</testsuite> <!-- com.actitime.demoTest.PriorityTest -->
