<?xml version="1.0" encoding="UTF-8"?>
<!-- Generated by org.testng.reporters.JUnitReportReporter -->
<testsuite hostname="DNV" name="com.actitime.customerTest.CreateCustomerTest" tests="2" failures="0" timestamp="14 Sep 2019 14:05:13 GMT" time="19.231" errors="0">
  <testcase name="CreateCustomerwithDesc" time="10.716" classname="com.actitime.customerTest.CreateCustomerTest"/>
  <testcase name="createCustomerTest" time="8.515" classname="com.actitime.customerTest.CreateCustomerTest"/>
</testsuite> <!-- com.actitime.customerTest.CreateCustomerTest -->
