<?xml version="1.0" encoding="UTF-8"?>
<!-- Generated by org.testng.reporters.JUnitReportReporter -->
<testsuite hostname="DNV" name="com.actitime.userTest.UserTest" tests="3" failures="0" timestamp="14 Sep 2019 14:05:13 GMT" time="0.004" errors="0">
  <testcase name="deleteUserTest" time="0.001" classname="com.actitime.userTest.UserTest"/>
  <testcase name="createUserTest" time="0.001" classname="com.actitime.userTest.UserTest"/>
  <testcase name="modifyUserTest" time="0.002" classname="com.actitime.userTest.UserTest"/>
</testsuite> <!-- com.actitime.userTest.UserTest -->
