<?xml version="1.0" encoding="UTF-8"?>
<!-- Generated by org.testng.reporters.JUnitReportReporter -->
<testsuite hostname="DNV" name="com.actitime.projectTest.ProjectTest" tests="3" failures="0" timestamp="6 Sep 2019 17:23:56 GMT" time="0.006" errors="0">
  <testcase name="deleteProjectTest" time="0.002" classname="com.actitime.projectTest.ProjectTest"/>
  <testcase name="modifyProjectTest" time="0.002" classname="com.actitime.projectTest.ProjectTest"/>
  <testcase name="createProjectTest" time="0.002" classname="com.actitime.projectTest.ProjectTest"/>
</testsuite> <!-- com.actitime.projectTest.ProjectTest -->
