<?xml version="1.0" encoding="UTF-8"?>
<!-- Generated by org.testng.reporters.JUnitReportReporter -->
<testsuite hostname="DNV" name="com.actitime.demoTest.InvocationCountTest" tests="5" failures="0" timestamp="3 Sep 2019 17:34:02 GMT" time="0.020" errors="0">
  <testcase name="demoCreateTest" time="0.001" classname="com.actitime.demoTest.InvocationCountTest"/>
  <testcase name="demoCreateTest" time="0.016" classname="com.actitime.demoTest.InvocationCountTest"/>
  <testcase name="demoCreateTest" time="0.001" classname="com.actitime.demoTest.InvocationCountTest"/>
  <testcase name="demoCreateTest" time="0.001" classname="com.actitime.demoTest.InvocationCountTest"/>
  <testcase name="demoCreateTest" time="0.001" classname="com.actitime.demoTest.InvocationCountTest"/>
</testsuite> <!-- com.actitime.demoTest.InvocationCountTest -->
