<?xml version="1.0" encoding="UTF-8"?>
<!-- Generated by org.testng.reporters.JUnitReportReporter -->
<testsuite hostname="DNV" name="com.actitime.demoTest.EnableDisableTest" tests="2" failures="0" timestamp="3 Sep 2019 17:24:14 GMT" time="0.014" errors="0">
  <testcase name="demoDeleteTest" time="0.013" classname="com.actitime.demoTest.EnableDisableTest"/>
  <testcase name="demoModifyTest" time="0.001" classname="com.actitime.demoTest.EnableDisableTest"/>
</testsuite> <!-- com.actitime.demoTest.EnableDisableTest -->
